Log file cleared on 2024-09-16 20:04:56.567073
2024-09-16 20:04:56,574 - INFO - Successfully loaded extension: cogs.jukebox
2024-09-16 20:04:56,576 - INFO - Successfully loaded extension: cogs.admin
2024-09-16 20:04:56,578 - INFO - Successfully loaded extension: cogs.cocophany
2024-09-16 20:04:56,578 - INFO - logging in using static token
2024-09-16 20:04:57,365 - INFO - Shard ID None has connected to Gateway (Session ID: e3c84001bbda2a87a436bb20e2dd654d).
2024-09-16 20:04:59,388 - INFO - Extracted queue size 985 from nickname: eBot [985]
2024-09-16 20:04:59,389 - INFO - Read queue size 985 from nickname in guild SmoothBrainville
2024-09-16 20:04:59,389 - INFO - Initialized queue with size: 985
2024-09-16 20:04:59,389 - INFO - E-Bot#8752 has connected to Discord!
2024-09-16 20:18:31,568 - INFO - Connecting to voice...
2024-09-16 20:18:31,568 - INFO - Starting voice handshake... (connection attempt 1)
2024-09-16 20:18:31,633 - INFO - Voice handshake complete. Endpoint found newark9288.discord.media
2024-09-16 20:18:31,814 - INFO - Connected to voice channel: Plaza
2024-09-16 20:18:31,815 - INFO - Extracted queue size 985 from nickname: eBot [985]
2024-09-16 20:18:31,816 - INFO - Read queue size 985 from nickname in guild SmoothBrainville
2024-09-16 20:18:31,816 - INFO - Adding 1 to queue. Old size: 985, New size: 986
2024-09-16 20:18:33,078 - INFO - Updated queue size to 986 in guild SmoothBrainville
2024-09-16 20:18:34,497 - INFO - Updated queue size to 986 in guild adeadz discord bot testing site
2024-09-16 20:18:35,722 - INFO - Updated queue size to 986 in guild Homies 2
2024-09-16 20:18:36,996 - INFO - Updated queue size to 986 in guild DiscordBotShenanigans
2024-09-16 20:18:36,996 - INFO - Starting playback process
2024-09-16 20:18:36,997 - INFO - Extracted queue size 986 from nickname: eBot [986]
2024-09-16 20:18:36,997 - INFO - Read queue size 986 from nickname in guild SmoothBrainville
2024-09-16 20:18:36,999 - INFO - Playing sound file: miscmemesong18.wav. Updating queue size to 985
2024-09-16 20:18:38,228 - INFO - Updated queue size to 985 in guild SmoothBrainville
2024-09-16 20:18:39,459 - INFO - Updated queue size to 985 in guild adeadz discord bot testing site
2024-09-16 20:18:40,673 - INFO - Updated queue size to 985 in guild Homies 2
2024-09-16 20:18:42,027 - INFO - Updated queue size to 985 in guild DiscordBotShenanigans
2024-09-16 20:18:42,034 - INFO - Started playing: miscmemesong18.wav
2024-09-16 20:18:45,475 - INFO - ffmpeg process 29740 successfully terminated with return code of 0.
2024-09-16 20:18:46,076 - INFO - Finished playing: miscmemesong18.wav
2024-09-16 20:18:46,076 - INFO - Waiting for 10 seconds before next song
2024-09-16 20:18:56,098 - INFO - Extracted queue size 985 from nickname: eBot [985]
2024-09-16 20:18:56,098 - INFO - Read queue size 985 from nickname in guild SmoothBrainville
2024-09-16 20:18:56,100 - INFO - Playing sound file: ItsReal.wav. Updating queue size to 984
2024-09-16 20:18:57,326 - INFO - Updated queue size to 984 in guild SmoothBrainville
2024-09-16 20:18:58,504 - INFO - Updated queue size to 984 in guild adeadz discord bot testing site
2024-09-16 20:18:59,770 - INFO - Updated queue size to 984 in guild Homies 2
2024-09-16 20:19:01,064 - INFO - Updated queue size to 984 in guild DiscordBotShenanigans
2024-09-16 20:19:01,069 - INFO - Started playing: ItsReal.wav
2024-09-16 20:19:16,910 - INFO - ffmpeg process 400 successfully terminated with return code of 0.
2024-09-16 20:19:17,237 - INFO - Finished playing: ItsReal.wav
2024-09-16 20:19:17,237 - INFO - Waiting for 2 seconds before next song
2024-09-16 20:19:19,242 - INFO - Extracted queue size 984 from nickname: eBot [984]
2024-09-16 20:19:19,242 - INFO - Read queue size 984 from nickname in guild SmoothBrainville
2024-09-16 20:19:19,244 - INFO - Playing sound file: charliebitme.wav. Updating queue size to 983
2024-09-16 20:19:20,578 - INFO - Updated queue size to 983 in guild SmoothBrainville
2024-09-16 20:19:21,838 - INFO - Updated queue size to 983 in guild adeadz discord bot testing site
2024-09-16 20:19:23,063 - INFO - Updated queue size to 983 in guild Homies 2
2024-09-16 20:19:24,286 - INFO - Updated queue size to 983 in guild DiscordBotShenanigans
2024-09-16 20:19:24,292 - INFO - Started playing: charliebitme.wav
2024-09-16 20:19:26,572 - INFO - ffmpeg process 11096 successfully terminated with return code of 0.
2024-09-16 20:19:27,320 - INFO - Finished playing: charliebitme.wav
2024-09-16 20:19:27,320 - INFO - Waiting for 7 seconds before next song
2024-09-16 20:19:34,331 - INFO - Extracted queue size 983 from nickname: eBot [983]
2024-09-16 20:19:34,331 - INFO - Read queue size 983 from nickname in guild SmoothBrainville
2024-09-16 20:19:34,333 - INFO - Playing sound file: halo25.wav. Updating queue size to 982
2024-09-16 20:19:36,217 - INFO - Updated queue size to 982 in guild SmoothBrainville
2024-09-16 20:19:37,476 - INFO - Updated queue size to 982 in guild adeadz discord bot testing site
2024-09-16 20:19:39,279 - INFO - Updated queue size to 982 in guild Homies 2
2024-09-16 20:19:40,592 - INFO - Updated queue size to 982 in guild DiscordBotShenanigans
2024-09-16 20:19:40,597 - INFO - Started playing: halo25.wav
2024-09-16 20:19:44,418 - INFO - ffmpeg process 19928 successfully terminated with return code of 0.
2024-09-16 20:19:44,630 - INFO - Finished playing: halo25.wav
2024-09-16 20:19:44,630 - INFO - Waiting for 7 seconds before next song
2024-09-16 20:19:51,629 - INFO - Extracted queue size 982 from nickname: eBot [982]
2024-09-16 20:19:51,629 - INFO - Read queue size 982 from nickname in guild SmoothBrainville
2024-09-16 20:19:51,630 - INFO - Playing sound file: ballfast.wav. Updating queue size to 981
2024-09-16 20:19:54,710 - INFO - Updated queue size to 981 in guild SmoothBrainville
2024-09-16 20:19:55,875 - INFO - Updated queue size to 981 in guild adeadz discord bot testing site
2024-09-16 20:19:57,072 - INFO - Updated queue size to 981 in guild Homies 2
2024-09-16 20:19:58,457 - INFO - Updated queue size to 981 in guild DiscordBotShenanigans
2024-09-16 20:19:58,463 - INFO - Started playing: ballfast.wav
2024-09-16 20:20:03,563 - INFO - ffmpeg process 19876 successfully terminated with return code of 0.
2024-09-16 20:20:04,531 - INFO - Finished playing: ballfast.wav
2024-09-16 20:20:04,531 - INFO - Waiting for 5 seconds before next song
2024-09-16 20:20:09,543 - INFO - Extracted queue size 981 from nickname: eBot [981]
2024-09-16 20:20:09,543 - INFO - Read queue size 981 from nickname in guild SmoothBrainville
2024-09-16 20:20:09,545 - INFO - Playing sound file: chip.wav. Updating queue size to 980
2024-09-16 20:20:11,016 - INFO - Updated queue size to 980 in guild SmoothBrainville
2024-09-16 20:20:12,193 - INFO - Updated queue size to 980 in guild adeadz discord bot testing site
2024-09-16 20:20:13,426 - INFO - Updated queue size to 980 in guild Homies 2
2024-09-16 20:20:14,602 - INFO - Updated queue size to 980 in guild DiscordBotShenanigans
2024-09-16 20:20:14,608 - INFO - Started playing: chip.wav
2024-09-16 20:20:18,628 - INFO - ffmpeg process 26268 successfully terminated with return code of 0.
2024-09-16 20:20:18,660 - INFO - Finished playing: chip.wav
2024-09-16 20:20:18,660 - INFO - Waiting for 2 seconds before next song
2024-09-16 20:20:20,664 - INFO - Extracted queue size 980 from nickname: eBot [980]
2024-09-16 20:20:20,664 - INFO - Read queue size 980 from nickname in guild SmoothBrainville
2024-09-16 20:20:20,666 - INFO - Playing sound file: kirbysdreamland1.wav. Updating queue size to 979
2024-09-16 20:20:21,867 - INFO - Updated queue size to 979 in guild SmoothBrainville
2024-09-16 20:20:23,130 - INFO - Updated queue size to 979 in guild adeadz discord bot testing site
2024-09-16 20:20:24,364 - INFO - Updated queue size to 979 in guild Homies 2
2024-09-16 20:20:25,556 - INFO - Updated queue size to 979 in guild DiscordBotShenanigans
2024-09-16 20:20:25,561 - INFO - Started playing: kirbysdreamland1.wav
2024-09-16 20:20:27,782 - INFO - ffmpeg process 23392 successfully terminated with return code of 0.
2024-09-16 20:20:28,595 - INFO - Finished playing: kirbysdreamland1.wav
2024-09-16 20:20:28,595 - INFO - Waiting for 6 seconds before next song
2024-09-16 20:20:29,383 - ERROR - Requested sound file not found: chip
2024-09-16 20:20:34,602 - INFO - Extracted queue size 979 from nickname: eBot [979]
2024-09-16 20:20:34,602 - INFO - Read queue size 979 from nickname in guild SmoothBrainville
2024-09-16 20:20:34,604 - INFO - Playing sound file: fuckyou2.wav. Updating queue size to 978
2024-09-16 20:20:35,886 - INFO - Updated queue size to 978 in guild SmoothBrainville
2024-09-16 20:20:37,110 - INFO - Updated queue size to 978 in guild adeadz discord bot testing site
2024-09-16 20:20:38,395 - INFO - Updated queue size to 978 in guild Homies 2
2024-09-16 20:20:39,340 - INFO - Extracted queue size 978 from nickname: eBot [978]
2024-09-16 20:20:39,341 - INFO - Read queue size 978 from nickname in guild SmoothBrainville
2024-09-16 20:20:39,341 - INFO - Adding 1 to queue. Old size: 978, New size: 979
2024-09-16 20:20:39,668 - INFO - Updated queue size to 978 in guild DiscordBotShenanigans
2024-09-16 20:20:39,674 - INFO - Started playing: fuckyou2.wav
2024-09-16 20:20:40,718 - INFO - Updated queue size to 979 in guild SmoothBrainville
2024-09-16 20:20:41,978 - INFO - Updated queue size to 979 in guild adeadz discord bot testing site
2024-09-16 20:20:43,417 - INFO - Updated queue size to 979 in guild Homies 2
2024-09-16 20:20:44,494 - INFO - ffmpeg process 22044 successfully terminated with return code of 0.
2024-09-16 20:20:44,678 - INFO - Updated queue size to 979 in guild DiscordBotShenanigans
2024-09-16 20:20:44,718 - INFO - Finished playing: fuckyou2.wav
2024-09-16 20:20:44,718 - INFO - Waiting for 10 seconds before next song
2024-09-16 20:20:44,914 - INFO - Added 1 song(s) to the queue. Current queue size: 979
2024-09-16 20:20:54,722 - INFO - Extracted queue size 979 from nickname: eBot [979]
2024-09-16 20:20:54,722 - INFO - Read queue size 979 from nickname in guild SmoothBrainville
2024-09-16 20:20:54,723 - INFO - Playing sound file: spongebobsqea.wav. Updating queue size to 978
2024-09-16 20:20:55,960 - INFO - Updated queue size to 978 in guild SmoothBrainville
2024-09-16 20:20:57,217 - INFO - Updated queue size to 978 in guild adeadz discord bot testing site
2024-09-16 20:20:58,367 - INFO - Updated queue size to 978 in guild Homies 2
2024-09-16 20:20:59,591 - INFO - Updated queue size to 978 in guild DiscordBotShenanigans
2024-09-16 20:20:59,596 - INFO - Started playing: spongebobsqea.wav
2024-09-16 20:21:02,237 - INFO - ffmpeg process 21264 successfully terminated with return code of 0.
2024-09-16 20:21:02,629 - INFO - Finished playing: spongebobsqea.wav
2024-09-16 20:21:02,629 - INFO - Waiting for 2 seconds before next song
2024-09-16 20:21:04,637 - INFO - Extracted queue size 978 from nickname: eBot [978]
2024-09-16 20:21:04,637 - INFO - Read queue size 978 from nickname in guild SmoothBrainville
2024-09-16 20:21:04,639 - INFO - Playing sound file: buttsex.wav. Updating queue size to 977
2024-09-16 20:21:05,804 - INFO - Updated queue size to 977 in guild SmoothBrainville
2024-09-16 20:21:06,963 - INFO - Updated queue size to 977 in guild adeadz discord bot testing site
2024-09-16 20:21:08,130 - INFO - Updated queue size to 977 in guild Homies 2
2024-09-16 20:21:09,431 - INFO - Updated queue size to 977 in guild DiscordBotShenanigans
2024-09-16 20:21:09,435 - INFO - Started playing: buttsex.wav
2024-09-16 20:21:15,096 - INFO - ffmpeg process 18004 successfully terminated with return code of 0.
2024-09-16 20:21:15,480 - INFO - Finished playing: buttsex.wav
2024-09-16 20:21:15,480 - INFO - Waiting for 4 seconds before next song
2024-09-16 20:21:19,499 - INFO - Extracted queue size 977 from nickname: eBot [977]
2024-09-16 20:21:19,499 - INFO - Read queue size 977 from nickname in guild SmoothBrainville
2024-09-16 20:21:19,501 - INFO - Playing sound file: spoopy.wav. Updating queue size to 976
2024-09-16 20:21:20,696 - INFO - Updated queue size to 976 in guild SmoothBrainville
2024-09-16 20:21:21,883 - INFO - Updated queue size to 976 in guild adeadz discord bot testing site
2024-09-16 20:21:24,114 - INFO - Updated queue size to 976 in guild Homies 2
2024-09-16 20:21:25,366 - INFO - Updated queue size to 976 in guild DiscordBotShenanigans
2024-09-16 20:21:25,371 - INFO - Started playing: spoopy.wav
2024-09-16 20:21:30,491 - INFO - ffmpeg process 18136 successfully terminated with return code of 0.
2024-09-16 20:21:31,458 - INFO - Finished playing: spoopy.wav
2024-09-16 20:21:31,458 - INFO - Waiting for 3 seconds before next song
2024-09-16 20:21:34,473 - INFO - Extracted queue size 976 from nickname: eBot [976]
2024-09-16 20:21:34,473 - INFO - Read queue size 976 from nickname in guild SmoothBrainville
2024-09-16 20:21:34,475 - INFO - Playing sound file: 32bit.wav. Updating queue size to 975
2024-09-16 20:21:35,762 - INFO - Updated queue size to 975 in guild SmoothBrainville
2024-09-16 20:21:37,002 - INFO - Updated queue size to 975 in guild adeadz discord bot testing site
2024-09-16 20:21:38,296 - INFO - Updated queue size to 975 in guild Homies 2
2024-09-16 20:21:39,484 - INFO - Updated queue size to 975 in guild DiscordBotShenanigans
2024-09-16 20:21:39,489 - INFO - Started playing: 32bit.wav
2024-09-16 20:21:40,751 - INFO - ffmpeg process 18140 successfully terminated with return code of 0.
2024-09-16 20:21:41,515 - INFO - Finished playing: 32bit.wav
2024-09-16 20:21:41,515 - INFO - Waiting for 1 seconds before next song
2024-09-16 20:21:42,526 - INFO - Extracted queue size 975 from nickname: eBot [975]
2024-09-16 20:21:42,526 - INFO - Read queue size 975 from nickname in guild SmoothBrainville
2024-09-16 20:21:42,528 - INFO - Playing sound file: enemyspotted.wav. Updating queue size to 974
2024-09-16 20:21:43,799 - INFO - Updated queue size to 974 in guild SmoothBrainville
2024-09-16 20:21:44,968 - INFO - Updated queue size to 974 in guild adeadz discord bot testing site
2024-09-16 20:21:46,230 - INFO - Updated queue size to 974 in guild Homies 2
2024-09-16 20:21:47,402 - INFO - Updated queue size to 974 in guild DiscordBotShenanigans
2024-09-16 20:21:47,407 - INFO - Started playing: enemyspotted.wav
2024-09-16 20:21:49,027 - INFO - ffmpeg process 2584 successfully terminated with return code of 0.
2024-09-16 20:21:49,423 - INFO - Finished playing: enemyspotted.wav
2024-09-16 20:21:49,423 - INFO - Waiting for 6 seconds before next song
2024-09-16 20:21:55,421 - INFO - Extracted queue size 974 from nickname: eBot [974]
2024-09-16 20:21:55,422 - INFO - Read queue size 974 from nickname in guild SmoothBrainville
2024-09-16 20:21:55,423 - INFO - Playing sound file: trololo5.wav. Updating queue size to 973
2024-09-16 20:21:56,635 - INFO - Updated queue size to 973 in guild SmoothBrainville
2024-09-16 20:21:57,912 - INFO - Updated queue size to 973 in guild adeadz discord bot testing site
2024-09-16 20:21:59,101 - INFO - Updated queue size to 973 in guild Homies 2
2024-09-16 20:22:00,263 - INFO - Updated queue size to 973 in guild DiscordBotShenanigans
2024-09-16 20:22:00,268 - INFO - Started playing: trololo5.wav
2024-09-16 20:22:01,629 - INFO - ffmpeg process 352 successfully terminated with return code of 0.
2024-09-16 20:22:02,303 - INFO - Finished playing: trololo5.wav
2024-09-16 20:22:02,303 - INFO - Waiting for 2 seconds before next song
2024-09-16 20:22:04,307 - INFO - Extracted queue size 973 from nickname: eBot [973]
2024-09-16 20:22:04,308 - INFO - Read queue size 973 from nickname in guild SmoothBrainville
2024-09-16 20:22:04,309 - INFO - Playing sound file: bababooeyaids.wav. Updating queue size to 972
2024-09-16 20:22:05,523 - INFO - Updated queue size to 972 in guild SmoothBrainville
2024-09-16 20:22:06,679 - INFO - Updated queue size to 972 in guild adeadz discord bot testing site
2024-09-16 20:22:07,878 - INFO - Updated queue size to 972 in guild Homies 2
2024-09-16 20:22:09,196 - INFO - Updated queue size to 972 in guild DiscordBotShenanigans
2024-09-16 20:22:09,202 - INFO - Started playing: bababooeyaids.wav
2024-09-16 20:22:13,123 - INFO - ffmpeg process 3220 successfully terminated with return code of 0.
2024-09-16 20:22:13,233 - INFO - Finished playing: bababooeyaids.wav
2024-09-16 20:22:13,233 - INFO - Waiting for 9 seconds before next song
2024-09-16 20:22:22,248 - INFO - Extracted queue size 972 from nickname: eBot [972]
2024-09-16 20:22:22,248 - INFO - Read queue size 972 from nickname in guild SmoothBrainville
2024-09-16 20:22:22,250 - INFO - Playing sound file: wegoingetthaticecreambitch.wav. Updating queue size to 971
2024-09-16 20:22:23,454 - INFO - Updated queue size to 971 in guild SmoothBrainville
2024-09-16 20:22:24,634 - INFO - Updated queue size to 971 in guild adeadz discord bot testing site
2024-09-16 20:22:25,814 - INFO - Updated queue size to 971 in guild Homies 2
2024-09-16 20:22:27,256 - INFO - Updated queue size to 971 in guild DiscordBotShenanigans
2024-09-16 20:22:27,261 - INFO - Started playing: wegoingetthaticecreambitch.wav
2024-09-16 20:22:29,682 - INFO - ffmpeg process 9032 successfully terminated with return code of 0.
2024-09-16 20:22:30,285 - INFO - Finished playing: wegoingetthaticecreambitch.wav
2024-09-16 20:22:30,285 - INFO - Waiting for 5 seconds before next song
2024-09-16 20:22:35,291 - INFO - Extracted queue size 971 from nickname: eBot [971]
2024-09-16 20:22:35,291 - INFO - Read queue size 971 from nickname in guild SmoothBrainville
2024-09-16 20:22:35,293 - INFO - Playing sound file: gamecube.wav. Updating queue size to 970
2024-09-16 20:22:36,488 - INFO - Updated queue size to 970 in guild SmoothBrainville
2024-09-16 20:22:37,662 - INFO - Updated queue size to 970 in guild adeadz discord bot testing site
2024-09-16 20:22:38,830 - INFO - Updated queue size to 970 in guild Homies 2
2024-09-16 20:22:40,004 - INFO - Updated queue size to 970 in guild DiscordBotShenanigans
2024-09-16 20:22:40,009 - INFO - Started playing: gamecube.wav
2024-09-16 20:22:45,090 - INFO - ffmpeg process 8740 successfully terminated with return code of 0.
2024-09-16 20:22:46,088 - INFO - Finished playing: gamecube.wav
2024-09-16 20:22:46,088 - INFO - Waiting for 1 seconds before next song
2024-09-16 20:22:47,101 - INFO - Extracted queue size 970 from nickname: eBot [970]
2024-09-16 20:22:47,101 - INFO - Read queue size 970 from nickname in guild SmoothBrainville
2024-09-16 20:22:47,103 - INFO - Playing sound file: seinfeld1.wav. Updating queue size to 969
2024-09-16 20:23:33,052 - INFO - Updated queue size to 969 in guild SmoothBrainville
2024-09-16 20:23:34,308 - INFO - Updated queue size to 969 in guild adeadz discord bot testing site
2024-09-16 20:23:35,710 - INFO - Updated queue size to 969 in guild Homies 2
2024-09-16 20:23:37,052 - INFO - Updated queue size to 969 in guild DiscordBotShenanigans
2024-09-16 20:23:37,057 - INFO - Started playing: seinfeld1.wav
2024-09-16 20:23:39,138 - INFO - ffmpeg process 17220 successfully terminated with return code of 0.
2024-09-16 20:23:40,086 - INFO - Finished playing: seinfeld1.wav
2024-09-16 20:23:40,086 - INFO - Waiting for 4 seconds before next song
2024-09-16 20:23:44,094 - INFO - Extracted queue size 969 from nickname: eBot [969]
2024-09-16 20:23:44,094 - INFO - Read queue size 969 from nickname in guild SmoothBrainville
2024-09-16 20:23:44,096 - INFO - Playing sound file: OBJECTION5.wav. Updating queue size to 968
2024-09-16 20:23:45,339 - INFO - Updated queue size to 968 in guild SmoothBrainville
2024-09-16 20:23:46,750 - INFO - Updated queue size to 968 in guild adeadz discord bot testing site
2024-09-16 20:23:47,963 - INFO - Updated queue size to 968 in guild Homies 2
2024-09-16 20:23:49,229 - INFO - Updated queue size to 968 in guild DiscordBotShenanigans
2024-09-16 20:23:49,235 - INFO - Started playing: OBJECTION5.wav
2024-09-16 20:23:50,255 - INFO - ffmpeg process 6428 successfully terminated with return code of 0.
2024-09-16 20:23:51,259 - INFO - Finished playing: OBJECTION5.wav
2024-09-16 20:23:51,259 - INFO - Waiting for 1 seconds before next song
2024-09-16 20:23:52,268 - INFO - Extracted queue size 968 from nickname: eBot [968]
2024-09-16 20:23:52,268 - INFO - Read queue size 968 from nickname in guild SmoothBrainville
2024-09-16 20:23:52,270 - INFO - Playing sound file: whiteboy.wav. Updating queue size to 967
2024-09-16 20:23:53,432 - INFO - Updated queue size to 967 in guild SmoothBrainville
2024-09-16 20:23:54,613 - INFO - Updated queue size to 967 in guild adeadz discord bot testing site
2024-09-16 20:23:55,958 - INFO - Updated queue size to 967 in guild Homies 2
2024-09-16 20:23:57,161 - INFO - Updated queue size to 967 in guild DiscordBotShenanigans
2024-09-16 20:23:57,168 - INFO - Started playing: whiteboy.wav
2024-09-16 20:24:01,248 - INFO - ffmpeg process 28356 successfully terminated with return code of 0.
2024-09-16 20:24:02,209 - INFO - Finished playing: whiteboy.wav
2024-09-16 20:24:02,209 - INFO - Waiting for 10 seconds before next song
2024-09-16 20:24:12,222 - INFO - Extracted queue size 967 from nickname: eBot [967]
2024-09-16 20:24:12,222 - INFO - Read queue size 967 from nickname in guild SmoothBrainville
2024-09-16 20:24:12,224 - INFO - Playing sound file: idk12.wav. Updating queue size to 966
2024-09-16 20:24:13,461 - INFO - Updated queue size to 966 in guild SmoothBrainville
2024-09-16 20:24:14,687 - INFO - Updated queue size to 966 in guild adeadz discord bot testing site
2024-09-16 20:24:15,924 - INFO - Updated queue size to 966 in guild Homies 2
2024-09-16 20:24:17,123 - INFO - Updated queue size to 966 in guild DiscordBotShenanigans
2024-09-16 20:24:17,128 - INFO - Started playing: idk12.wav
2024-09-16 20:24:37,769 - INFO - ffmpeg process 9032 successfully terminated with return code of 0.
2024-09-16 20:24:38,340 - INFO - Finished playing: idk12.wav
2024-09-16 20:24:38,340 - INFO - Waiting for 5 seconds before next song
2024-09-16 20:24:43,347 - INFO - Extracted queue size 966 from nickname: eBot [966]
2024-09-16 20:24:43,347 - INFO - Read queue size 966 from nickname in guild SmoothBrainville
2024-09-16 20:24:43,349 - INFO - Playing sound file: catonahoverboard.wav. Updating queue size to 965
2024-09-16 20:24:44,674 - INFO - Updated queue size to 965 in guild SmoothBrainville
2024-09-16 20:24:46,015 - INFO - Updated queue size to 965 in guild adeadz discord bot testing site
2024-09-16 20:24:47,276 - INFO - Updated queue size to 965 in guild Homies 2
2024-09-16 20:24:48,489 - INFO - Updated queue size to 965 in guild DiscordBotShenanigans
2024-09-16 20:24:48,494 - INFO - Started playing: catonahoverboard.wav
2024-09-16 20:24:54,135 - INFO - ffmpeg process 19484 successfully terminated with return code of 0.
2024-09-16 20:24:54,532 - INFO - Finished playing: catonahoverboard.wav
2024-09-16 20:24:54,532 - INFO - Waiting for 10 seconds before next song
2024-09-16 20:24:56,104 - INFO - Disconnected from voice by force... potentially reconnecting.
2024-09-16 20:24:56,104 - INFO - Starting voice handshake... (connection attempt 2)
2024-09-16 20:25:04,532 - INFO - Extracted queue size 965 from nickname: eBot [965]
2024-09-16 20:25:04,532 - INFO - Read queue size 965 from nickname in guild SmoothBrainville
2024-09-16 20:25:04,533 - INFO - Voice client disconnected, attempting to reconnect
2024-09-16 20:25:04,533 - ERROR - Failed to reconnect to voice channel: Already connected to a voice channel.
2024-09-16 20:25:05,540 - INFO - Finished processing queue
2024-09-16 20:25:56,122 - INFO - The voice handshake is being terminated for Channel ID 877713601257963581 (Guild ID 877713599894798367)
2024-09-16 20:25:56,123 - INFO - Reconnect was unsuccessful, disconnecting from voice normally...
2024-09-16 20:50:58,022 - INFO - Shard ID None has successfully RESUMED session e3c84001bbda2a87a436bb20e2dd654d.
2024-09-16 23:59:36,340 - INFO - Shard ID None has successfully RESUMED session e3c84001bbda2a87a436bb20e2dd654d.
2024-09-17 07:43:01,394 - ERROR - Attempting a reconnect in 0.60s
Traceback (most recent call last):
  File "C:\Python311\Lib\site-packages\aiohttp\connector.py", line 1152, in _create_direct_connection
    hosts = await asyncio.shield(host_resolved)
            ^^^^^^^^^^^^^^^^^^^^^^^^^^^^^^^^^^^
  File "C:\Python311\Lib\site-packages\aiohttp\connector.py", line 874, in _resolve_host
    addrs = await self._resolver.resolve(host, port, family=self._family)
            ^^^^^^^^^^^^^^^^^^^^^^^^^^^^^^^^^^^^^^^^^^^^^^^^^^^^^^^^^^^^^
  File "C:\Python311\Lib\site-packages\aiohttp\resolver.py", line 33, in resolve
    infos = await self._loop.getaddrinfo(
            ^^^^^^^^^^^^^^^^^^^^^^^^^^^^^
  File "C:\Python311\Lib\asyncio\base_events.py", line 864, in getaddrinfo
    return await self.run_in_executor(
           ^^^^^^^^^^^^^^^^^^^^^^^^^^^
  File "C:\Python311\Lib\concurrent\futures\thread.py", line 58, in run
    result = self.fn(*self.args, **self.kwargs)
             ^^^^^^^^^^^^^^^^^^^^^^^^^^^^^^^^^^
  File "C:\Python311\Lib\socket.py", line 961, in getaddrinfo
    for res in _socket.getaddrinfo(host, port, family, type, proto, flags):
               ^^^^^^^^^^^^^^^^^^^^^^^^^^^^^^^^^^^^^^^^^^^^^^^^^^^^^^^^^^^
socket.gaierror: [Errno 11001] getaddrinfo failed

The above exception was the direct cause of the following exception:

Traceback (most recent call last):
  File "C:\Python311\Lib\site-packages\discord\client.py", line 656, in connect
    self.ws = await asyncio.wait_for(coro, timeout=60.0)
              ^^^^^^^^^^^^^^^^^^^^^^^^^^^^^^^^^^^^^^^^^^
  File "C:\Python311\Lib\asyncio\tasks.py", line 479, in wait_for
    return fut.result()
           ^^^^^^^^^^^^
  File "C:\Python311\Lib\site-packages\discord\gateway.py", line 372, in from_client
    socket = await client.http.ws_connect(str(url))
             ^^^^^^^^^^^^^^^^^^^^^^^^^^^^^^^^^^^^^^
  File "C:\Python311\Lib\site-packages\discord\http.py", line 537, in ws_connect
    return await self.__session.ws_connect(url, **kwargs)
           ^^^^^^^^^^^^^^^^^^^^^^^^^^^^^^^^^^^^^^^^^^^^^^
  File "C:\Python311\Lib\site-packages\aiohttp\client.py", line 779, in _ws_connect
    resp = await self.request(
           ^^^^^^^^^^^^^^^^^^^
  File "C:\Python311\Lib\site-packages\aiohttp\client.py", line 536, in _request
    conn = await self._connector.connect(
           ^^^^^^^^^^^^^^^^^^^^^^^^^^^^^^
  File "C:\Python311\Lib\site-packages\aiohttp\connector.py", line 540, in connect
    proto = await self._create_connection(req, traces, timeout)
            ^^^^^^^^^^^^^^^^^^^^^^^^^^^^^^^^^^^^^^^^^^^^^^^^^^^
  File "C:\Python311\Lib\site-packages\aiohttp\connector.py", line 901, in _create_connection
    _, proto = await self._create_direct_connection(req, traces, timeout)
               ^^^^^^^^^^^^^^^^^^^^^^^^^^^^^^^^^^^^^^^^^^^^^^^^^^^^^^^^^^
  File "C:\Python311\Lib\site-packages\aiohttp\connector.py", line 1166, in _create_direct_connection
    raise ClientConnectorError(req.connection_key, exc) from exc
aiohttp.client_exceptions.ClientConnectorError: Cannot connect to host gateway-us-east1-d.discord.gg:443 ssl:default [getaddrinfo failed]
2024-09-17 07:43:05,511 - INFO - Shard ID None session has been invalidated.
2024-09-17 07:43:10,869 - INFO - Shard ID None has connected to Gateway (Session ID: 1ae8ed1b3b0cee8951822da975c02a28).
2024-09-17 07:43:12,881 - INFO - E-Bot#8752 has connected to Discord!
2024-09-17 09:30:54,384 - INFO - Shard ID None has successfully RESUMED session 1ae8ed1b3b0cee8951822da975c02a28.
2024-09-17 09:35:06,259 - INFO - Shard ID None has successfully RESUMED session 1ae8ed1b3b0cee8951822da975c02a28.
2024-09-17 10:29:33,124 - INFO - Shard ID None has successfully RESUMED session 1ae8ed1b3b0cee8951822da975c02a28.
2024-09-17 11:17:37,671 - INFO - Shard ID None has successfully RESUMED session 1ae8ed1b3b0cee8951822da975c02a28.
2024-09-17 13:32:07,401 - WARNING - Shard ID None has stopped responding to the gateway. Closing and restarting.
2024-09-17 13:32:07,611 - INFO - Shard ID None session has been invalidated.
2024-09-17 13:32:12,911 - INFO - Shard ID None has connected to Gateway (Session ID: d62c72f8bb5a4a201b674acef01567fe).
2024-09-17 13:32:14,931 - INFO - E-Bot#8752 has connected to Discord!
